<?xml version="1.0" encoding="UTF-8"?>
<!-- Generated by org.testng.reporters.JUnitXMLReporter -->
<testsuite ignored="0" hostname="AJIT-LAP" failures="1" tests="3" name="Dependency Test" time="0.011" errors="0" timestamp="2022-12-14T13:40:45 IST">
  <testcase classname="testNg_practice.TestNg_dependency" name="testcase1" time="0.001">
    <failure type="java.lang.AssertionError" message="registration is not success">
      <![CDATA[java.lang.AssertionError: registration is not success
at testNg_practice.TestNg_dependency.testcase1(TestNg_dependency.java:14)
at java.base/java.util.ArrayList.forEach(ArrayList.java:1511)
... Removed 26 stack frames]]>
    </failure>
  </testcase> <!-- testcase1 -->
  <testcase classname="testNg_practice.TestNg_dependency" name="testcase3" time="0.001"/>
  <testcase classname="testNg_practice.TestNg_dependency" name="testcase2" time="0.0">
    <skipped/>
  </testcase> <!-- testcase2 -->
</testsuite> <!-- Dependency Test -->
