<?xml version="1.0" encoding="UTF-8"?>
<!-- Generated by org.testng.reporters.JUnitXMLReporter -->
<testsuite ignored="9" hostname="AJIT-LAP" failures="0" tests="4" name="Test" time="0.052" errors="0" timestamp="2022-12-01T18:02:10 IST">
  <testcase classname="action.Demo_003" name="pro_01" time="0.007"/>
  <testcase classname="opack.t_program" name="homepage" time="0.0"/>
  <testcase classname="opack.t_program" name="login" time="0.001"/>
  <testcase classname="opack.t_program" name="loginpage" time="0.001"/>
  <testcase classname="action.assert_equals" name="sample_test1" time="0.0">
    <ignored/>
  </testcase> <!-- sample_test1 -->
  <testcase classname="p_pack.t2_progarm" name="test" time="0.0">
    <ignored/>
  </testcase> <!-- test -->
  <testcase classname="action.Demo_001" name="demo1" time="0.0">
    <ignored/>
  </testcase> <!-- demo1 -->
  <testcase classname="c_pack.new_exception" name="program_004" time="0.0">
    <ignored/>
  </testcase> <!-- program_004 -->
  <testcase classname="c_pack.new_exception" name="program_002" time="0.0">
    <ignored/>
  </testcase> <!-- program_002 -->
  <testcase classname="c_pack.new_exception" name="program_003" time="0.0">
    <ignored/>
  </testcase> <!-- program_003 -->
  <testcase classname="c_pack.new_exception" name="program_001" time="0.0">
    <ignored/>
  </testcase> <!-- program_001 -->
  <testcase classname="action.Demo_003" name="demo3" time="0.0">
    <ignored/>
  </testcase> <!-- demo3 -->
  <testcase classname="p_pack.t2_progarm" name="startplaying" time="0.0">
    <ignored/>
  </testcase> <!-- startplaying -->
</testsuite> <!-- Test -->
