<?xml version="1.0" encoding="UTF-8"?>
<!-- Generated by org.testng.reporters.JUnitXMLReporter -->
<testsuite ignored="0" hostname="AJIT-LAP" failures="1" tests="1" name="Validate Title Test" time="0.013" errors="0" timestamp="2022-12-14T13:40:45 IST">
  <testcase classname="testNg_practice.ValidateTitle" name="validateBrwTitle" time="0.009">
    <failure type="java.lang.AssertionError" message="Title is not matching expected [www.yahoo.com] but found [www.google.com]">
      <![CDATA[java.lang.AssertionError: Title is not matching expected [www.yahoo.com] but found [www.google.com]
at testNg_practice.ValidateTitle.validateBrwTitle(ValidateTitle.java:19)
at java.base/java.util.ArrayList.forEach(ArrayList.java:1511)
... Removed 30 stack frames]]>
    </failure>
  </testcase> <!-- validateBrwTitle -->
</testsuite> <!-- Validate Title Test -->
