<?xml version="1.0" encoding="UTF-8"?>
<!-- Generated by org.testng.reporters.JUnitXMLReporter -->
<testsuite ignored="0" hostname="AJIT-LAP" failures="2" tests="4" name="Validate title Test" time="0.041" errors="0" timestamp="2023-02-13T13:38:31 IST">
  <testcase classname="testNG_proj.Demo_dependencies" name="userregistration" time="0.009">
    <failure type="java.lang.AssertionError" message="user not registered successfully">
      <![CDATA[java.lang.AssertionError: user not registered successfully
at testNG_proj.Demo_dependencies.userregistration(Demo_dependencies.java:12)
at java.base/java.util.ArrayList.forEach(ArrayList.java:1511)
... Removed 26 stack frames]]>
    </failure>
  </testcase> <!-- userregistration -->
  <testcase classname="testNG_proj.Demo_dependencies" name="login" time="0.002">
    <failure type="java.lang.AssertionError" message="capturing the screenshot">
      <![CDATA[java.lang.AssertionError: capturing the screenshot
at testNG_proj.Demo_dependencies.login(Demo_dependencies.java:19)
at java.base/java.util.ArrayList.forEach(ArrayList.java:1511)
... Removed 26 stack frames]]>
    </failure>
  </testcase> <!-- login -->
  <testcase classname="testNG_proj.Demo_dependencies" name="thirdtest" time="0.001"/>
  <testcase classname="testNG_proj.Demo_dependencies" name="fourthtest" time="0.001"/>
</testsuite> <!-- Validate title Test -->
